# JRE version: OpenJDK Runtime Environment (17.0.2+8) (build 17.0.2+8-86)
# Java VM: OpenJDK 64-Bit Server VM (17.0.2+8-86, mixed mode, sharing, tiered, compressed oops, compressed class ptrs, g1 gc, windows-amd64)
GC Precious Log:
 CPUs: 8 total, 8 available
 Memory: 16276M
 Large Page Support: Disabled
 NUMA Support: Disabled
 Compressed Oops: Enabled (32-bit)
 Heap Region Size: 1M
 Heap Min Capacity: 100M
 Heap Initial Capacity: 100M
 Heap Max Capacity: 1G
 Pre-touch: Disabled
 Parallel Workers: 8
 Concurrent Workers: 2
 Concurrent Refinement Workers: 8
 Periodic GC: Disabled
Heap:
 garbage-first heap   total 395264K, used 104519K [0x00000000c0000000, 0x0000000100000000)
  region size 1024K, 7 young (7168K), 7 survivors (7168K)
 Metaspace       used 104512K, committed 105088K, reserved 1146880K
  class space    used 12049K, committed 12352K, reserved 1048576K
GC Heap History (20 events):
Event: 504597.960 GC heap after
{Heap after GC invocations=1554 (full 0):
 garbage-first heap   total 342016K, used 112063K [0x00000000c0000000, 0x0000000100000000)
  region size 1024K, 2 young (2048K), 2 survivors (2048K)
 Metaspace       used 104512K, committed 105088K, reserved 1146880K
  class space    used 12049K, committed 12352K, reserved 1048576K
}
Event: 504617.881 GC heap before
{Heap before GC invocations=1554 (full 0):
 garbage-first heap   total 342016K, used 118207K [0x00000000c0000000, 0x0000000100000000)
  region size 1024K, 9 young (9216K), 2 survivors (2048K)
 Metaspace       used 104512K, committed 105088K, reserved 1146880K
  class space    used 12049K, committed 12352K, reserved 1048576K
}
Event: 504617.889 GC heap after
{Heap after GC invocations=1555 (full 0):
 garbage-first heap   total 342016K, used 112663K [0x00000000c0000000, 0x0000000100000000)
  region size 1024K, 3 young (3072K), 3 survivors (3072K)
 Metaspace       used 104512K, committed 105088K, reserved 1146880K
  class space    used 12049K, committed 12352K, reserved 1048576K
}
Event: 504697.894 GC heap before
{Heap before GC invocations=1556 (full 0):
 garbage-first heap   total 342016K, used 220183K [0x00000000c0000000, 0x0000000100000000)
  region size 1024K, 111 young (113664K), 3 survivors (3072K)
 Metaspace       used 104512K, committed 105088K, reserved 1146880K
  class space    used 12049K, committed 12352K, reserved 1048576K
}
Event: 504697.915 GC heap after
{Heap after GC invocations=1557 (full 0):
 garbage-first heap   total 342016K, used 118654K [0x00000000c0000000, 0x0000000100000000)
  region size 1024K, 11 young (11264K), 11 survivors (11264K)
 Metaspace       used 104512K, committed 105088K, reserved 1146880K
  class space    used 12049K, committed 12352K, reserved 1048576K
}
Event: 504697.931 GC heap before
{Heap before GC invocations=1557 (full 0):
 garbage-first heap   total 342016K, used 123774K [0x00000000c0000000, 0x0000000100000000)
  region size 1024K, 16 young (16384K), 11 survivors (11264K)
 Metaspace       used 104512K, committed 105088K, reserved 1146880K
  class space    used 12049K, committed 12352K, reserved 1048576K
}
Event: 504697.945 GC heap after
{Heap after GC invocations=1558 (full 0):
 garbage-first heap   total 342016K, used 97496K [0x00000000c0000000, 0x0000000100000000)
  region size 1024K, 2 young (2048K), 2 survivors (2048K)
 Metaspace       used 104512K, committed 105088K, reserved 1146880K
  class space    used 12049K, committed 12352K, reserved 1048576K
}
Event: 504697.951 GC heap before
{Heap before GC invocations=1558 (full 0):
 garbage-first heap   total 342016K, used 99544K [0x00000000c0000000, 0x0000000100000000)
  region size 1024K, 5 young (5120K), 2 survivors (2048K)
 Metaspace       used 104512K, committed 105088K, reserved 1146880K
  class space    used 12049K, committed 12352K, reserved 1048576K
}
Event: 504697.954 GC heap after
{Heap after GC invocations=1559 (full 0):
 garbage-first heap   total 342016K, used 97810K [0x00000000c0000000, 0x0000000100000000)
  region size 1024K, 3 young (3072K), 3 survivors (3072K)
 Metaspace       used 104512K, committed 105088K, reserved 1146880K
  class space    used 12049K, committed 12352K, reserved 1048576K
}
Event: 504777.939 GC heap before
{Heap before GC invocations=1560 (full 0):
 garbage-first heap   total 342016K, used 221714K [0x00000000c0000000, 0x0000000100000000)
  region size 1024K, 122 young (124928K), 3 survivors (3072K)
 Metaspace       used 104512K, committed 105088K, reserved 1146880K
  class space    used 12049K, committed 12352K, reserved 1048576K
}
Event: 504777.950 GC heap after
{Heap after GC invocations=1561 (full 0):
 garbage-first heap   total 342016K, used 119644K [0x00000000c0000000, 0x0000000100000000)
  region size 1024K, 16 young (16384K), 16 survivors (16384K)
 Metaspace       used 104512K, committed 105088K, reserved 1146880K
  class space    used 12049K, committed 12352K, reserved 1048576K
}
Event: 504777.953 GC heap before
{Heap before GC invocations=1561 (full 0):
 garbage-first heap   total 342016K, used 120668K [0x00000000c0000000, 0x0000000100000000)
  region size 1024K, 17 young (17408K), 16 survivors (16384K)
 Metaspace       used 104512K, committed 105088K, reserved 1146880K
  class space    used 12049K, committed 12352K, reserved 1048576K
}
Event: 504777.964 GC heap after
{Heap after GC invocations=1562 (full 0):
 garbage-first heap   total 342016K, used 112156K [0x00000000c0000000, 0x0000000100000000)
  region size 1024K, 2 young (2048K), 2 survivors (2048K)
 Metaspace       used 104512K, committed 105088K, reserved 1146880K
  class space    used 12049K, committed 12352K, reserved 1048576K
}
Event: 504797.901 GC heap before
{Heap before GC invocations=1562 (full 0):
 garbage-first heap   total 342016K, used 118300K [0x00000000c0000000, 0x0000000100000000)
  region size 1024K, 9 young (9216K), 2 survivors (2048K)
 Metaspace       used 104512K, committed 105088K, reserved 1146880K
  class space    used 12049K, committed 12352K, reserved 1048576K
}
Event: 504797.905 GC heap after
{Heap after GC invocations=1563 (full 0):
 garbage-first heap   total 342016K, used 113184K [0x00000000c0000000, 0x0000000100000000)
  region size 1024K, 3 young (3072K), 3 survivors (3072K)
 Metaspace       used 104512K, committed 105088K, reserved 1146880K
  class space    used 12049K, committed 12352K, reserved 1048576K
}
Event: 504877.949 GC heap before
{Heap before GC invocations=1564 (full 0):
 garbage-first heap   total 342016K, used 229920K [0x00000000c0000000, 0x0000000100000000)
  region size 1024K, 119 young (121856K), 3 survivors (3072K)
 Metaspace       used 104512K, committed 105088K, reserved 1146880K
  class space    used 12049K, committed 12352K, reserved 1048576K
}
Event: 504877.962 GC heap after
{Heap after GC invocations=1565 (full 0):
 garbage-first heap   total 342016K, used 121960K [0x00000000c0000000, 0x0000000100000000)
  region size 1024K, 13 young (13312K), 13 survivors (13312K)
 Metaspace       used 104512K, committed 105088K, reserved 1146880K
  class space    used 12049K, committed 12352K, reserved 1048576K
}
Event: 504877.979 GC heap before
{Heap before GC invocations=1565 (full 0):
 garbage-first heap   total 342016K, used 126056K [0x00000000c0000000, 0x0000000100000000)
  region size 1024K, 16 young (16384K), 13 survivors (13312K)
 Metaspace       used 104512K, committed 105088K, reserved 1146880K
  class space    used 12049K, committed 12352K, reserved 1048576K
}
Event: 504877.990 GC heap after
{Heap after GC invocations=1566 (full 0):
 garbage-first heap   total 342016K, used 99941K [0x00000000c0000000, 0x0000000100000000)
  region size 1024K, 2 young (2048K), 2 survivors (2048K)
 Metaspace       used 104512K, committed 105088K, reserved 1146880K
  class space    used 12049K, committed 12352K, reserved 1048576K
}
Event: 504897.916 GC heap before
{Heap before GC invocations=1566 (full 0):
 garbage-first heap   total 342016K, used 115301K [0x00000000c0000000, 0x0000000100000000)
  region size 1024K, 18 young (18432K), 2 survivors (2048K)
 Metaspace       used 104512K, committed 105088K, reserved 1146880K
  class space    used 12049K, committed 12352K, reserved 1048576K
}

