# JRE version: OpenJDK Runtime Environment (17.0.2+8) (build 17.0.2+8-86)
# Java VM: OpenJDK 64-Bit Server VM (17.0.2+8-86, mixed mode, sharing, tiered, compressed oops, compressed class ptrs, g1 gc, windows-amd64)
GC Precious Log:
 CPUs: 8 total, 8 available
 Memory: 16276M
 Large Page Support: Disabled
 NUMA Support: Disabled
 Compressed Oops: Enabled (32-bit)
 Heap Region Size: 1M
 Heap Min Capacity: 100M
 Heap Initial Capacity: 100M
 Heap Max Capacity: 1G
 Pre-touch: Disabled
 Parallel Workers: 8
 Concurrent Workers: 2
 Concurrent Refinement Workers: 8
 Periodic GC: Disabled
Heap:
 garbage-first heap   total 342016K, used 92906K [0x00000000c0000000, 0x0000000100000000)
  region size 1024K, 3 young (3072K), 3 survivors (3072K)
 Metaspace       used 101795K, committed 102272K, reserved 1146880K
  class space    used 12334K, committed 12544K, reserved 1048576K
GC Heap History (20 events):
Event: 35388.891 GC heap after
{Heap after GC invocations=1015 (full 0):
 garbage-first heap   total 342016K, used 105833K [0x00000000c0000000, 0x0000000100000000)
  region size 1024K, 2 young (2048K), 2 survivors (2048K)
 Metaspace       used 101795K, committed 102272K, reserved 1146880K
  class space    used 12334K, committed 12544K, reserved 1048576K
}
Event: 35408.770 GC heap before
{Heap before GC invocations=1015 (full 0):
 garbage-first heap   total 342016K, used 111977K [0x00000000c0000000, 0x0000000100000000)
  region size 1024K, 9 young (9216K), 2 survivors (2048K)
 Metaspace       used 101795K, committed 102272K, reserved 1146880K
  class space    used 12334K, committed 12544K, reserved 1048576K
}
Event: 35408.779 GC heap after
{Heap after GC invocations=1016 (full 0):
 garbage-first heap   total 342016K, used 106733K [0x00000000c0000000, 0x0000000100000000)
  region size 1024K, 3 young (3072K), 3 survivors (3072K)
 Metaspace       used 101795K, committed 102272K, reserved 1146880K
  class space    used 12334K, committed 12544K, reserved 1048576K
}
Event: 35488.832 GC heap before
{Heap before GC invocations=1017 (full 0):
 garbage-first heap   total 342016K, used 220305K [0x00000000c0000000, 0x0000000100000000)
  region size 1024K, 122 young (124928K), 3 survivors (3072K)
 Metaspace       used 101795K, committed 102272K, reserved 1146880K
  class space    used 12334K, committed 12544K, reserved 1048576K
}
Event: 35488.846 GC heap after
{Heap after GC invocations=1018 (full 0):
 garbage-first heap   total 342016K, used 109709K [0x00000000c0000000, 0x0000000100000000)
  region size 1024K, 13 young (13312K), 13 survivors (13312K)
 Metaspace       used 101795K, committed 102272K, reserved 1146880K
  class space    used 12334K, committed 12544K, reserved 1048576K
}
Event: 35488.858 GC heap before
{Heap before GC invocations=1018 (full 0):
 garbage-first heap   total 342016K, used 111757K [0x00000000c0000000, 0x0000000100000000)
  region size 1024K, 16 young (16384K), 13 survivors (13312K)
 Metaspace       used 101795K, committed 102272K, reserved 1146880K
  class space    used 12334K, committed 12544K, reserved 1048576K
}
Event: 35488.869 GC heap after
{Heap after GC invocations=1019 (full 0):
 garbage-first heap   total 342016K, used 97280K [0x00000000c0000000, 0x0000000100000000)
  region size 1024K, 2 young (2048K), 2 survivors (2048K)
 Metaspace       used 101795K, committed 102272K, reserved 1146880K
  class space    used 12334K, committed 12544K, reserved 1048576K
}
Event: 35508.789 GC heap before
{Heap before GC invocations=1019 (full 0):
 garbage-first heap   total 342016K, used 111616K [0x00000000c0000000, 0x0000000100000000)
  region size 1024K, 17 young (17408K), 2 survivors (2048K)
 Metaspace       used 101795K, committed 102272K, reserved 1146880K
  class space    used 12334K, committed 12544K, reserved 1048576K
}
Event: 35508.802 GC heap after
{Heap after GC invocations=1020 (full 0):
 garbage-first heap   total 342016K, used 101109K [0x00000000c0000000, 0x0000000100000000)
  region size 1024K, 6 young (6144K), 6 survivors (6144K)
 Metaspace       used 101795K, committed 102272K, reserved 1146880K
  class space    used 12334K, committed 12544K, reserved 1048576K
}
Event: 35588.872 GC heap before
{Heap before GC invocations=1021 (full 0):
 garbage-first heap   total 342016K, used 222965K [0x00000000c0000000, 0x0000000100000000)
  region size 1024K, 126 young (129024K), 6 survivors (6144K)
 Metaspace       used 101795K, committed 102272K, reserved 1146880K
  class space    used 12334K, committed 12544K, reserved 1048576K
}
Event: 35588.898 GC heap after
{Heap after GC invocations=1022 (full 0):
 garbage-first heap   total 342016K, used 112000K [0x00000000c0000000, 0x0000000100000000)
  region size 1024K, 16 young (16384K), 16 survivors (16384K)
 Metaspace       used 101795K, committed 102272K, reserved 1146880K
  class space    used 12334K, committed 12544K, reserved 1048576K
}
Event: 35588.906 GC heap before
{Heap before GC invocations=1022 (full 0):
 garbage-first heap   total 342016K, used 112000K [0x00000000c0000000, 0x0000000100000000)
  region size 1024K, 17 young (17408K), 16 survivors (16384K)
 Metaspace       used 101795K, committed 102272K, reserved 1146880K
  class space    used 12334K, committed 12544K, reserved 1048576K
}
Event: 35588.924 GC heap after
{Heap after GC invocations=1023 (full 0):
 garbage-first heap   total 342016K, used 97164K [0x00000000c0000000, 0x0000000100000000)
  region size 1024K, 2 young (2048K), 2 survivors (2048K)
 Metaspace       used 101795K, committed 102272K, reserved 1146880K
  class space    used 12334K, committed 12544K, reserved 1048576K
}
Event: 35608.813 GC heap before
{Heap before GC invocations=1023 (full 0):
 garbage-first heap   total 342016K, used 112524K [0x00000000c0000000, 0x0000000100000000)
  region size 1024K, 18 young (18432K), 2 survivors (2048K)
 Metaspace       used 101795K, committed 102272K, reserved 1146880K
  class space    used 12334K, committed 12544K, reserved 1048576K
}
Event: 35608.825 GC heap after
{Heap after GC invocations=1024 (full 0):
 garbage-first heap   total 342016K, used 100868K [0x00000000c0000000, 0x0000000100000000)
  region size 1024K, 6 young (6144K), 6 survivors (6144K)
 Metaspace       used 101795K, committed 102272K, reserved 1146880K
  class space    used 12334K, committed 12544K, reserved 1048576K
}
Event: 35688.841 GC heap before
{Heap before GC invocations=1025 (full 0):
 garbage-first heap   total 342016K, used 211421K [0x00000000c0000000, 0x0000000100000000)
  region size 1024K, 117 young (119808K), 6 survivors (6144K)
 Metaspace       used 101795K, committed 102272K, reserved 1146880K
  class space    used 12334K, committed 12544K, reserved 1048576K
}
Event: 35688.861 GC heap after
{Heap after GC invocations=1026 (full 0):
 garbage-first heap   total 342016K, used 107397K [0x00000000c0000000, 0x0000000100000000)
  region size 1024K, 14 young (14336K), 14 survivors (14336K)
 Metaspace       used 101795K, committed 102272K, reserved 1146880K
  class space    used 12334K, committed 12544K, reserved 1048576K
}
Event: 35688.867 GC heap before
{Heap before GC invocations=1026 (full 0):
 garbage-first heap   total 342016K, used 109445K [0x00000000c0000000, 0x0000000100000000)
  region size 1024K, 16 young (16384K), 14 survivors (14336K)
 Metaspace       used 101795K, committed 102272K, reserved 1146880K
  class space    used 12334K, committed 12544K, reserved 1048576K
}
Event: 35688.884 GC heap after
{Heap after GC invocations=1027 (full 0):
 garbage-first heap   total 342016K, used 91808K [0x00000000c0000000, 0x0000000100000000)
  region size 1024K, 1 young (1024K), 1 survivors (1024K)
 Metaspace       used 101795K, committed 102272K, reserved 1146880K
  class space    used 12334K, committed 12544K, reserved 1048576K
}
Event: 35688.890 GC heap before
{Heap before GC invocations=1027 (full 0):
 garbage-first heap   total 342016K, used 94880K [0x00000000c0000000, 0x0000000100000000)
  region size 1024K, 5 young (5120K), 1 survivors (1024K)
 Metaspace       used 101795K, committed 102272K, reserved 1146880K
  class space    used 12334K, committed 12544K, reserved 1048576K
}

